[1221/223151.377:ERROR:directory_reader_win.cc(43)] FindFirstFile: The system cannot find the path specified. (0x3)
[1221/231920.538:ERROR:directory_reader_win.cc(43)] FindFirstFile: The system cannot find the path specified. (0x3)
[1221/234416.323:ERROR:directory_reader_win.cc(43)] FindFirstFile: The system cannot find the path specified. (0x3)
[1221/234946.058:ERROR:directory_reader_win.cc(43)] FindFirstFile: The system cannot find the path specified. (0x3)
[1221/235108.011:ERROR:directory_reader_win.cc(43)] FindFirstFile: The system cannot find the path specified. (0x3)
[1221/235810.177:ERROR:directory_reader_win.cc(43)] FindFirstFile: The system cannot find the path specified. (0x3)
[1222/000413.415:ERROR:directory_reader_win.cc(43)] FindFirstFile: The system cannot find the path specified. (0x3)
[1222/000635.841:ERROR:directory_reader_win.cc(43)] FindFirstFile: The system cannot find the path specified. (0x3)
[1222/001337.864:ERROR:directory_reader_win.cc(43)] FindFirstFile: The system cannot find the path specified. (0x3)
[1222/001619.603:ERROR:directory_reader_win.cc(43)] FindFirstFile: The system cannot find the path specified. (0x3)
[1222/002659.350:ERROR:directory_reader_win.cc(43)] FindFirstFile: The system cannot find the path specified. (0x3)
[1222/002825.669:ERROR:directory_reader_win.cc(43)] FindFirstFile: The system cannot find the path specified. (0x3)
[1222/003246.926:ERROR:directory_reader_win.cc(43)] FindFirstFile: The system cannot find the path specified. (0x3)
[1222/003459.603:ERROR:process_reader_win.cc(151)] SuspendThread: Access is denied. (0x5)
[1222/003459.617:ERROR:process_reader_win.cc(151)] SuspendThread: Access is denied. (0x5)
[1222/003459.617:ERROR:process_reader_win.cc(123)] NtOpenThread: {Access Denied} A process has requested access to an object, but has not been granted those access rights. (0xc0000022)
[1222/003459.618:ERROR:exception_snapshot_win.cc(99)] thread ID 18048 not found in process
[1222/003459.673:ERROR:process_reader_win.cc(151)] SuspendThread: Access is denied. (0x5)
[1222/003459.673:ERROR:exception_snapshot_win.cc(99)] thread ID 23976 not found in process
[1222/003459.673:ERROR:scoped_process_suspend.cc(40)] NtResumeProcess: An attempt was made to access an exiting process. (0xc000010a)
[1222/003504.689:ERROR:process_info.cc(329)] VirtualQueryEx: Access is denied. (0x5)
[1222/003504.700:ERROR:process_info.cc(556)] ReadMemoryInfo failed
[1222/003504.700:ERROR:process_memory_win.cc(39)] Failed to initialize ProcessInfo.
[1222/003504.700:ERROR:scoped_process_suspend.cc(40)] NtResumeProcess: An attempt was made to access an exiting process. (0xc000010a)
[1222/003504.757:ERROR:process_reader_win.cc(123)] NtOpenThread: {Access Denied} A process has requested access to an object, but has not been granted those access rights. (0xc0000022)
[1222/003504.757:ERROR:exception_snapshot_win.cc(99)] thread ID 21828 not found in process
[1222/132952.386:ERROR:directory_reader_win.cc(43)] FindFirstFile: The system cannot find the path specified. (0x3)
[1222/135729.975:ERROR:directory_reader_win.cc(43)] FindFirstFile: The system cannot find the path specified. (0x3)
[1222/142432.938:ERROR:process_reader_win.cc(123)] NtOpenThread: {Access Denied} A process has requested access to an object, but has not been granted those access rights. (0xc0000022)
[1222/142432.939:ERROR:exception_snapshot_win.cc(99)] thread ID 7792 not found in process
[1222/220552.193:ERROR:directory_reader_win.cc(43)] FindFirstFile: The system cannot find the path specified. (0x3)
[1222/221254.657:ERROR:directory_reader_win.cc(43)] FindFirstFile: The system cannot find the path specified. (0x3)
[1222/222100.129:ERROR:process_reader_win.cc(151)] SuspendThread: Access is denied. (0x5)
[1222/222100.131:ERROR:process_reader_win.cc(151)] SuspendThread: Access is denied. (0x5)
[1222/222100.131:ERROR:process_reader_win.cc(151)] SuspendThread: Access is denied. (0x5)
[1222/222100.131:ERROR:process_reader_win.cc(151)] SuspendThread: Access is denied. (0x5)
[1222/222100.131:ERROR:process_reader_win.cc(151)] SuspendThread: Access is denied. (0x5)
[1222/222100.131:ERROR:process_reader_win.cc(151)] SuspendThread: Access is denied. (0x5)
[1222/222100.131:ERROR:process_reader_win.cc(151)] SuspendThread: Access is denied. (0x5)
[1222/222100.131:ERROR:process_reader_win.cc(151)] SuspendThread: Access is denied. (0x5)
[1222/222100.131:ERROR:process_reader_win.cc(151)] SuspendThread: Access is denied. (0x5)
[1222/222100.131:ERROR:process_reader_win.cc(151)] SuspendThread: Access is denied. (0x5)
[1222/222100.131:ERROR:process_reader_win.cc(151)] SuspendThread: Access is denied. (0x5)
[1222/222100.131:ERROR:process_reader_win.cc(123)] NtOpenThread: {Access Denied} A process has requested access to an object, but has not been granted those access rights. (0xc0000022)
[1222/222100.143:ERROR:exception_snapshot_win.cc(99)] thread ID 24052 not found in process
[1222/222100.145:ERROR:process_reader_win.cc(151)] SuspendThread: Access is denied. (0x5)
[1222/222100.146:ERROR:process_reader_win.cc(151)] SuspendThread: Access is denied. (0x5)
[1222/222100.146:ERROR:process_reader_win.cc(151)] SuspendThread: Access is denied. (0x5)
[1222/222100.146:ERROR:process_reader_win.cc(151)] SuspendThread: Access is denied. (0x5)
[1222/222100.146:ERROR:process_reader_win.cc(151)] SuspendThread: Access is denied. (0x5)
[1222/222100.146:ERROR:process_reader_win.cc(151)] SuspendThread: Access is denied. (0x5)
[1222/222100.146:ERROR:process_reader_win.cc(151)] SuspendThread: Access is denied. (0x5)
[1222/222100.146:ERROR:process_reader_win.cc(151)] SuspendThread: Access is denied. (0x5)
[1222/222100.146:ERROR:process_reader_win.cc(151)] SuspendThread: Access is denied. (0x5)
[1222/222100.146:ERROR:process_reader_win.cc(151)] SuspendThread: Access is denied. (0x5)
[1222/222100.146:ERROR:process_reader_win.cc(151)] SuspendThread: Access is denied. (0x5)
[1222/222100.146:ERROR:process_reader_win.cc(151)] SuspendThread: Access is denied. (0x5)
[1222/222100.146:ERROR:process_reader_win.cc(151)] SuspendThread: Access is denied. (0x5)
[1222/222100.146:ERROR:process_reader_win.cc(151)] SuspendThread: Access is denied. (0x5)
[1222/222100.147:ERROR:process_reader_win.cc(151)] SuspendThread: Access is denied. (0x5)
[1222/222100.147:ERROR:process_reader_win.cc(151)] SuspendThread: Access is denied. (0x5)
[1222/222100.147:ERROR:process_reader_win.cc(151)] SuspendThread: Access is denied. (0x5)
[1222/222100.147:ERROR:process_reader_win.cc(151)] SuspendThread: Access is denied. (0x5)
[1222/222100.147:ERROR:process_reader_win.cc(151)] SuspendThread: Access is denied. (0x5)
[1222/222100.147:ERROR:process_reader_win.cc(151)] SuspendThread: Access is denied. (0x5)
[1222/222100.147:ERROR:process_reader_win.cc(151)] SuspendThread: Access is denied. (0x5)
[1222/222100.147:ERROR:process_reader_win.cc(151)] SuspendThread: Access is denied. (0x5)
[1222/222100.147:ERROR:process_reader_win.cc(151)] SuspendThread: Access is denied. (0x5)
[1222/222100.147:ERROR:process_reader_win.cc(151)] SuspendThread: Access is denied. (0x5)
[1222/222100.147:ERROR:process_reader_win.cc(151)] SuspendThread: Access is denied. (0x5)
[1222/222100.147:ERROR:process_reader_win.cc(151)] SuspendThread: Access is denied. (0x5)
[1222/222100.147:ERROR:process_reader_win.cc(151)] SuspendThread: Access is denied. (0x5)
[1222/222100.147:ERROR:process_reader_win.cc(151)] SuspendThread: Access is denied. (0x5)
[1222/222100.147:ERROR:process_reader_win.cc(151)] SuspendThread: Access is denied. (0x5)
[1222/222100.147:ERROR:process_reader_win.cc(151)] SuspendThread: Access is denied. (0x5)
[1222/222100.147:ERROR:process_reader_win.cc(151)] SuspendThread: Access is denied. (0x5)
[1222/222100.148:ERROR:process_reader_win.cc(151)] SuspendThread: Access is denied. (0x5)
[1222/222100.148:ERROR:process_reader_win.cc(151)] SuspendThread: Access is denied. (0x5)
[1222/222100.148:ERROR:process_reader_win.cc(151)] SuspendThread: Access is denied. (0x5)
[1222/222100.148:ERROR:process_reader_win.cc(151)] SuspendThread: Access is denied. (0x5)
[1222/222100.148:ERROR:process_reader_win.cc(151)] SuspendThread: Access is denied. (0x5)
[1222/222100.148:ERROR:process_reader_win.cc(151)] SuspendThread: Access is denied. (0x5)
[1222/222100.149:ERROR:process_reader_win.cc(151)] SuspendThread: Access is denied. (0x5)
[1222/222100.148:ERROR:process_reader_win.cc(123)] NtOpenThread: {Access Denied} A process has requested access to an object, but has not been granted those access rights. (0xc0000022)
[1222/222100.149:ERROR:process_reader_win.cc(151)] SuspendThread: Access is denied. (0x5)
[1222/222100.149:ERROR:exception_snapshot_win.cc(99)] thread ID 19332 not found in process
[1222/222100.149:ERROR:process_reader_win.cc(151)] SuspendThread: Access is denied. (0x5)
[1222/222100.149:ERROR:process_reader_win.cc(151)] SuspendThread: Access is denied. (0x5)
[1222/222100.149:ERROR:process_reader_win.cc(151)] SuspendThread: Access is denied. (0x5)
[1222/222100.149:ERROR:process_reader_win.cc(151)] SuspendThread: Access is denied. (0x5)
[1222/222100.149:ERROR:process_reader_win.cc(151)] SuspendThread: Access is denied. (0x5)
[1222/222100.149:ERROR:process_reader_win.cc(151)] SuspendThread: Access is denied. (0x5)
[1222/222100.149:ERROR:process_reader_win.cc(151)] SuspendThread: Access is denied. (0x5)
[1222/222100.149:ERROR:process_reader_win.cc(151)] SuspendThread: Access is denied. (0x5)
[1222/222100.149:ERROR:process_reader_win.cc(151)] SuspendThread: Access is denied. (0x5)
[1222/222100.149:ERROR:process_reader_win.cc(151)] SuspendThread: Access is denied. (0x5)
[1222/222100.149:ERROR:process_reader_win.cc(151)] SuspendThread: Access is denied. (0x5)
[1222/222100.150:ERROR:process_reader_win.cc(151)] SuspendThread: Access is denied. (0x5)
[1222/222100.150:ERROR:process_reader_win.cc(151)] SuspendThread: Access is denied. (0x5)
[1222/222100.150:ERROR:process_reader_win.cc(151)] SuspendThread: Access is denied. (0x5)
[1222/222100.150:ERROR:process_reader_win.cc(151)] SuspendThread: Access is denied. (0x5)
[1222/222100.150:ERROR:process_reader_win.cc(123)] NtOpenThread: {Access Denied} A process has requested access to an object, but has not been granted those access rights. (0xc0000022)
[1222/222100.150:ERROR:exception_snapshot_win.cc(99)] thread ID 23088 not found in process
[1222/222100.212:ERROR:process_reader_win.cc(151)] SuspendThread: Access is denied. (0x5)
[1222/222100.212:ERROR:process_reader_win.cc(151)] SuspendThread: Access is denied. (0x5)
[1222/222100.212:ERROR:process_reader_win.cc(151)] SuspendThread: Access is denied. (0x5)
[1222/222100.212:ERROR:process_reader_win.cc(151)] SuspendThread: Access is denied. (0x5)
[1222/222100.213:ERROR:process_reader_win.cc(151)] SuspendThread: Access is denied. (0x5)
[1222/222100.213:ERROR:process_reader_win.cc(151)] SuspendThread: Access is denied. (0x5)
[1222/222100.213:ERROR:process_reader_win.cc(151)] SuspendThread: Access is denied. (0x5)
[1222/222100.213:ERROR:process_reader_win.cc(123)] NtOpenThread: {Access Denied} A process has requested access to an object, but has not been granted those access rights. (0xc0000022)
[1222/222100.214:ERROR:exception_snapshot_win.cc(99)] thread ID 16984 not found in process
[1222/222100.223:ERROR:process_reader_win.cc(151)] SuspendThread: Access is denied. (0x5)
[1222/222100.223:ERROR:process_reader_win.cc(151)] SuspendThread: Access is denied. (0x5)
[1222/222100.223:ERROR:process_reader_win.cc(151)] SuspendThread: Access is denied. (0x5)
[1222/222100.223:ERROR:process_reader_win.cc(151)] SuspendThread: Access is denied. (0x5)
[1222/222100.223:ERROR:process_reader_win.cc(151)] SuspendThread: Access is denied. (0x5)
[1222/222100.223:ERROR:process_reader_win.cc(151)] SuspendThread: Access is denied. (0x5)
[1222/222100.223:ERROR:process_reader_win.cc(151)] SuspendThread: Access is denied. (0x5)
[1222/222100.223:ERROR:process_reader_win.cc(123)] NtOpenThread: {Access Denied} A process has requested access to an object, but has not been granted those access rights. (0xc0000022)
[1222/222100.224:ERROR:exception_snapshot_win.cc(99)] thread ID 7296 not found in process
[1222/222100.225:ERROR:process_reader_win.cc(151)] SuspendThread: Access is denied. (0x5)
[1222/222100.225:ERROR:process_reader_win.cc(151)] SuspendThread: Access is denied. (0x5)
[1222/222100.225:ERROR:process_reader_win.cc(151)] SuspendThread: Access is denied. (0x5)
[1222/222100.226:ERROR:process_reader_win.cc(151)] SuspendThread: Access is denied. (0x5)
[1222/222100.226:ERROR:process_reader_win.cc(151)] SuspendThread: Access is denied. (0x5)
[1222/222100.226:ERROR:process_reader_win.cc(123)] NtOpenThread: {Access Denied} A process has requested access to an object, but has not been granted those access rights. (0xc0000022)
[1222/222100.226:ERROR:exception_snapshot_win.cc(99)] thread ID 11848 not found in process
[1222/222100.230:ERROR:process_reader_win.cc(151)] SuspendThread: Access is denied. (0x5)
[1222/222100.230:ERROR:process_reader_win.cc(151)] SuspendThread: Access is denied. (0x5)
[1222/222100.230:ERROR:process_reader_win.cc(123)] NtOpenThread: {Access Denied} A process has requested access to an object, but has not been granted those access rights. (0xc0000022)
[1222/222100.230:ERROR:exception_snapshot_win.cc(99)] thread ID 16616 not found in process
[1222/222100.246:ERROR:process_reader_win.cc(151)] SuspendThread: Access is denied. (0x5)
[1222/222100.246:ERROR:process_reader_win.cc(151)] SuspendThread: Access is denied. (0x5)
[1222/222100.246:ERROR:process_reader_win.cc(151)] SuspendThread: Access is denied. (0x5)
[1222/222100.246:ERROR:process_reader_win.cc(123)] NtOpenThread: {Access Denied} A process has requested access to an object, but has not been granted those access rights. (0xc0000022)
[1222/222100.246:ERROR:process_reader_win.cc(123)] NtOpenThread: {Access Denied} A process has requested access to an object, but has not been granted those access rights. (0xc0000022)
[1222/222100.246:ERROR:process_reader_win.cc(123)] NtOpenThread: {Access Denied} A process has requested access to an object, but has not been granted those access rights. (0xc0000022)
[1222/222100.246:ERROR:exception_snapshot_win.cc(99)] thread ID 10256 not found in process
[1222/222100.246:ERROR:exception_snapshot_win.cc(99)] thread ID 2968 not found in process
[1222/222100.247:ERROR:exception_snapshot_win.cc(99)] thread ID 3280 not found in process
[1222/223607.195:ERROR:directory_reader_win.cc(43)] FindFirstFile: The system cannot find the path specified. (0x3)
[1224/103834.623:ERROR:directory_reader_win.cc(43)] FindFirstFile: The system cannot find the path specified. (0x3)
[1224/140220.610:ERROR:directory_reader_win.cc(43)] FindFirstFile: The system cannot find the path specified. (0x3)
[1224/144927.049:ERROR:process_reader_win.cc(151)] SuspendThread: Access is denied. (0x5)
[1224/144927.049:ERROR:process_reader_win.cc(151)] SuspendThread: Access is denied. (0x5)
[1224/144927.049:ERROR:process_reader_win.cc(151)] SuspendThread: Access is denied. (0x5)
[1224/144927.049:ERROR:process_reader_win.cc(123)] NtOpenThread: {Access Denied} A process has requested access to an object, but has not been granted those access rights. (0xc0000022)
[1224/144927.049:ERROR:exception_snapshot_win.cc(99)] thread ID 15996 not found in process
[1224/144927.077:ERROR:process_reader_win.cc(151)] SuspendThread: Access is denied. (0x5)
[1224/144927.077:ERROR:process_reader_win.cc(151)] SuspendThread: Access is denied. (0x5)
[1224/144927.078:ERROR:process_reader_win.cc(151)] SuspendThread: Access is denied. (0x5)
[1224/144927.078:ERROR:process_reader_win.cc(151)] SuspendThread: Access is denied. (0x5)
[1224/144927.078:ERROR:process_reader_win.cc(123)] NtOpenThread: {Access Denied} A process has requested access to an object, but has not been granted those access rights. (0xc0000022)
[1224/144927.078:ERROR:exception_snapshot_win.cc(99)] thread ID 5352 not found in process
[1227/211042.804:ERROR:directory_reader_win.cc(43)] FindFirstFile: The system cannot find the path specified. (0x3)
